<?xml version="1.0" encoding="UTF-8"?>
<testsuite name="JUnit Jupiter" tests="56" skipped="0" failures="0" errors="0" time="0.701" hostname="Ottavio-Laptop" timestamp="2018-06-02T20:26:17">
<properties>
[...]
</properties>
<testcase name="successfulExHandler()" classname="it.uniba.controller.ExceptionsHandlerTest" time="0.01">
<system-out><![CDATA[
unique-id: [engine:junit-jupiter]/[class:it.uniba.controller.ExceptionsHandlerTest]/[method:successfulExHandler()]
display-name: successfulExHandler()
]]></system-out>
</testcase>
<testcase name="badFromWho()" classname="it.uniba.controller.input.ParserInterpreterTest" time="0.082">
<system-out><![CDATA[
unique-id: [engine:junit-jupiter]/[class:it.uniba.controller.input.ParserInterpreterTest]/[method:badFromWho()]
display-name: badFromWho()
]]></system-out>
</testcase>
<testcase name="toInMentionCalled()" classname="it.uniba.controller.input.ParserInterpreterTest" time="0.124">
<system-out><![CDATA[
unique-id: [engine:junit-jupiter]/[class:it.uniba.controller.input.ParserInterpreterTest]/[method:toInMentionCalled()]
display-name: toInMentionCalled()
]]></system-out>
</testcase>
<testcase name="mentionToCalled()" classname="it.uniba.controller.input.ParserInterpreterTest" time="0.052">
<system-out><![CDATA[
unique-id: [engine:junit-jupiter]/[class:it.uniba.controller.input.ParserInterpreterTest]/[method:mentionToCalled()]
display-name: mentionToCalled()
]]></system-out>
</testcase>
<testcase name="fromWhoInterfaceTest2()" classname="it.uniba.controller.input.ParserInterpreterTest" time="0.001">
<system-out><![CDATA[
unique-id: [engine:junit-jupiter]/[class:it.uniba.controller.input.ParserInterpreterTest]/[method:fromWhoInterfaceTest2()]
display-name: fromWhoInterfaceTest2()
]]></system-out>
</testcase>
<testcase name="fromWhoInterfaceTest3()" classname="it.uniba.controller.input.ParserInterpreterTest" time="0.003">
<system-out><![CDATA[
unique-id: [engine:junit-jupiter]/[class:it.uniba.controller.input.ParserInterpreterTest]/[method:fromWhoInterfaceTest3()]
display-name: fromWhoInterfaceTest3()
]]></system-out>
</testcase>
<testcase name="fromWhoInterfaceTest4()" classname="it.uniba.controller.input.ParserInterpreterTest" time="0.002">
<system-out><![CDATA[
unique-id: [engine:junit-jupiter]/[class:it.uniba.controller.input.ParserInterpreterTest]/[method:fromWhoInterfaceTest4()]
display-name: fromWhoInterfaceTest4()
]]></system-out>
</testcase>
<testcase name="fromNoWeight()" classname="it.uniba.controller.input.ParserInterpreterTest" time="0.051">
<system-out><![CDATA[
unique-id: [engine:junit-jupiter]/[class:it.uniba.controller.input.ParserInterpreterTest]/[method:fromNoWeight()]
display-name: fromNoWeight()
]]></system-out>
</testcase>
<testcase name="toWhoOutOfBound()" classname="it.uniba.controller.input.ParserInterpreterTest" time="0.002">
<system-out><![CDATA[
unique-id: [engine:junit-jupiter]/[class:it.uniba.controller.input.ParserInterpreterTest]/[method:toWhoOutOfBound()]
display-name: toWhoOutOfBound()
]]></system-out>
</testcase>
<testcase name="channelsCalled()" classname="it.uniba.controller.input.ParserInterpreterTest" time="0.017">
<system-out><![CDATA[
unique-id: [engine:junit-jupiter]/[class:it.uniba.controller.input.ParserInterpreterTest]/[method:channelsCalled()]
display-name: channelsCalled()
]]></system-out>
</testcase>
<testcase name="fromInMentionCalled()" classname="it.uniba.controller.input.ParserInterpreterTest" time="0.021">
<system-out><![CDATA[
unique-id: [engine:junit-jupiter]/[class:it.uniba.controller.input.ParserInterpreterTest]/[method:fromInMentionCalled()]
display-name: fromInMentionCalled()
]]></system-out>
</testcase>
<testcase name="commWorkspaceFilterValid2()" classname="it.uniba.controller.input.ParserInterpreterTest" time="0.001">
<system-out><![CDATA[
unique-id: [engine:junit-jupiter]/[class:it.uniba.controller.input.ParserInterpreterTest]/[method:commWorkspaceFilterValid2()]
display-name: commWorkspaceFilterValid2()
]]></system-out>
</testcase>
<testcase name="commWorkspaceFilterValid3()" classname="it.uniba.controller.input.ParserInterpreterTest" time="0.001">
<system-out><![CDATA[
unique-id: [engine:junit-jupiter]/[class:it.uniba.controller.input.ParserInterpreterTest]/[method:commWorkspaceFilterValid3()]
display-name: commWorkspaceFilterValid3()
]]></system-out>
</testcase>
<testcase name="fromWhoOutOfBound()" classname="it.uniba.controller.input.ParserInterpreterTest" time="0.003">
<system-out><![CDATA[
unique-id: [engine:junit-jupiter]/[class:it.uniba.controller.input.ParserInterpreterTest]/[method:fromWhoOutOfBound()]
display-name: fromWhoOutOfBound()
]]></system-out>
</testcase>
<testcase name="baseMentionWeightCalled()" classname="it.uniba.controller.input.ParserInterpreterTest" time="0.029">
<system-out><![CDATA[
unique-id: [engine:junit-jupiter]/[class:it.uniba.controller.input.ParserInterpreterTest]/[method:baseMentionWeightCalled()]
display-name: baseMentionWeightCalled()
]]></system-out>
</testcase>
<testcase name="fromWhoInterfaceTest()" classname="it.uniba.controller.input.ParserInterpreterTest" time="0.001">
<system-out><![CDATA[
unique-id: [engine:junit-jupiter]/[class:it.uniba.controller.input.ParserInterpreterTest]/[method:fromWhoInterfaceTest()]
display-name: fromWhoInterfaceTest()
]]></system-out>
</testcase>
<testcase name="hasLoadedFalseTest()" classname="it.uniba.controller.input.ParserInterpreterTest" time="0.019">
<system-out><![CDATA[
unique-id: [engine:junit-jupiter]/[class:it.uniba.controller.input.ParserInterpreterTest]/[method:hasLoadedFalseTest()]
display-name: hasLoadedFalseTest()
]]></system-out>
</testcase>
<testcase name="IllegalStateAfterMentions()" classname="it.uniba.controller.input.ParserInterpreterTest" time="0.019">
<system-out><![CDATA[
unique-id: [engine:junit-jupiter]/[class:it.uniba.controller.input.ParserInterpreterTest]/[method:IllegalStateAfterMentions()]
display-name: IllegalStateAfterMentions()
]]></system-out>
</testcase>
<testcase name="badParameters()" classname="it.uniba.controller.input.ParserInterpreterTest" time="0.002">
<system-out><![CDATA[
unique-id: [engine:junit-jupiter]/[class:it.uniba.controller.input.ParserInterpreterTest]/[method:badParameters()]
display-name: badParameters()
]]></system-out>
</testcase>
<testcase name="commWorkspaceNull()" classname="it.uniba.controller.input.ParserInterpreterTest" time="0.001">
<system-out><![CDATA[
unique-id: [engine:junit-jupiter]/[class:it.uniba.controller.input.ParserInterpreterTest]/[method:commWorkspaceNull()]
display-name: commWorkspaceNull()
]]></system-out>
</testcase>
<testcase name="baseInMentionWeightCalled()" classname="it.uniba.controller.input.ParserInterpreterTest" time="0.017">
<system-out><![CDATA[
unique-id: [engine:junit-jupiter]/[class:it.uniba.controller.input.ParserInterpreterTest]/[method:baseInMentionWeightCalled()]
display-name: baseInMentionWeightCalled()
]]></system-out>
</testcase>
<testcase name="fromInterfaceTest()" classname="it.uniba.controller.input.ParserInterpreterTest" time="0.001">
<system-out><![CDATA[
unique-id: [engine:junit-jupiter]/[class:it.uniba.controller.input.ParserInterpreterTest]/[method:fromInterfaceTest()]
display-name: fromInterfaceTest()
]]></system-out>
</testcase>
<testcase name="invalidWorkspace()" classname="it.uniba.controller.input.ParserInterpreterTest" time="0.002">
<system-out><![CDATA[
unique-id: [engine:junit-jupiter]/[class:it.uniba.controller.input.ParserInterpreterTest]/[method:invalidWorkspace()]
display-name: invalidWorkspace()
]]></system-out>
</testcase>
<testcase name="commWorkspaceFilterValid()" classname="it.uniba.controller.input.ParserInterpreterTest" time="0.001">
<system-out><![CDATA[
unique-id: [engine:junit-jupiter]/[class:it.uniba.controller.input.ParserInterpreterTest]/[method:commWorkspaceFilterValid()]
display-name: commWorkspaceFilterValid()
]]></system-out>
</testcase>
<testcase name="baseArgsActive()" classname="it.uniba.controller.input.ParserInterpreterTest" time="0.001">
<system-out><![CDATA[
unique-id: [engine:junit-jupiter]/[class:it.uniba.controller.input.ParserInterpreterTest]/[method:baseArgsActive()]
display-name: baseArgsActive()
]]></system-out>
</testcase>
<testcase name="fromToTogether()" classname="it.uniba.controller.input.ParserInterpreterTest" time="0.018">
<system-out><![CDATA[
unique-id: [engine:junit-jupiter]/[class:it.uniba.controller.input.ParserInterpreterTest]/[method:fromToTogether()]
display-name: fromToTogether()
]]></system-out>
</testcase>
<testcase name="usersInChannelCalled()" classname="it.uniba.controller.input.ParserInterpreterTest" time="0.023">
<system-out><![CDATA[
unique-id: [engine:junit-jupiter]/[class:it.uniba.controller.input.ParserInterpreterTest]/[method:usersInChannelCalled()]
display-name: usersInChannelCalled()
]]></system-out>
</testcase>
<testcase name="extendedChannelCalled()" classname="it.uniba.controller.input.ParserInterpreterTest" time="0.018">
<system-out><![CDATA[
unique-id: [engine:junit-jupiter]/[class:it.uniba.controller.input.ParserInterpreterTest]/[method:extendedChannelCalled()]
display-name: extendedChannelCalled()
]]></system-out>
</testcase>
<testcase name="helpCalled()" classname="it.uniba.controller.input.ParserInterpreterTest" time="0.001">
<system-out><![CDATA[
unique-id: [engine:junit-jupiter]/[class:it.uniba.controller.input.ParserInterpreterTest]/[method:helpCalled()]
display-name: helpCalled()
]]></system-out>
</testcase>
<testcase name="fromMentionCalled()" classname="it.uniba.controller.input.ParserInterpreterTest" time="0.027">
<system-out><![CDATA[
unique-id: [engine:junit-jupiter]/[class:it.uniba.controller.input.ParserInterpreterTest]/[method:fromMentionCalled()]
display-name: fromMentionCalled()
]]></system-out>
</testcase>
<testcase name="hasLoadedTest()" classname="it.uniba.controller.input.ParserInterpreterTest" time="0.013">
<system-out><![CDATA[
unique-id: [engine:junit-jupiter]/[class:it.uniba.controller.input.ParserInterpreterTest]/[method:hasLoadedTest()]
display-name: hasLoadedTest()
]]></system-out>
</testcase>
<testcase name="setWorkspaceNameTest()" classname="it.uniba.controller.input.ParserInterpreterTest" time="0.014">
<system-out><![CDATA[
unique-id: [engine:junit-jupiter]/[class:it.uniba.controller.input.ParserInterpreterTest]/[method:setWorkspaceNameTest()]
display-name: setWorkspaceNameTest()
]]></system-out>
</testcase>
<testcase name="commWorkspaceValid()" classname="it.uniba.controller.input.ParserInterpreterTest" time="0.001">
<system-out><![CDATA[
unique-id: [engine:junit-jupiter]/[class:it.uniba.controller.input.ParserInterpreterTest]/[method:commWorkspaceValid()]
display-name: commWorkspaceValid()
]]></system-out>
</testcase>
<testcase name="badInWhat()" classname="it.uniba.controller.input.ParserInterpreterTest" time="0.001">
<system-out><![CDATA[
unique-id: [engine:junit-jupiter]/[class:it.uniba.controller.input.ParserInterpreterTest]/[method:badInWhat()]
display-name: badInWhat()
]]></system-out>
</testcase>
<testcase name="fakeZipperTest()" classname="it.uniba.controller.input.ParserInterpreterTest" time="0.001">
<system-out><![CDATA[
unique-id: [engine:junit-jupiter]/[class:it.uniba.controller.input.ParserInterpreterTest]/[method:fakeZipperTest()]
display-name: fakeZipperTest()
]]></system-out>
</testcase>
<testcase name="getWorkspaceNameTest()" classname="it.uniba.controller.input.ParserInterpreterTest" time="0.014">
<system-out><![CDATA[
unique-id: [engine:junit-jupiter]/[class:it.uniba.controller.input.ParserInterpreterTest]/[method:getWorkspaceNameTest()]
display-name: getWorkspaceNameTest()
]]></system-out>
</testcase>
<testcase name="commWorkspaceMentionParamsValid()" classname="it.uniba.controller.input.ParserInterpreterTest" time="0.003">
<system-out><![CDATA[
unique-id: [engine:junit-jupiter]/[class:it.uniba.controller.input.ParserInterpreterTest]/[method:commWorkspaceMentionParamsValid()]
display-name: commWorkspaceMentionParamsValid()
]]></system-out>
</testcase>
<testcase name="inWhatOutOfBound()" classname="it.uniba.controller.input.ParserInterpreterTest" time="0.001">
<system-out><![CDATA[
unique-id: [engine:junit-jupiter]/[class:it.uniba.controller.input.ParserInterpreterTest]/[method:inWhatOutOfBound()]
display-name: inWhatOutOfBound()
]]></system-out>
</testcase>
<testcase name="mainHelpTest()" classname="it.uniba.controller.input.ParserInterpreterTest" time="0.001">
<system-out><![CDATA[
unique-id: [engine:junit-jupiter]/[class:it.uniba.controller.input.ParserInterpreterTest]/[method:mainHelpTest()]
display-name: mainHelpTest()
]]></system-out>
</testcase>
<testcase name="toWhoInterfaceTest()" classname="it.uniba.controller.input.ParserInterpreterTest" time="0.001">
<system-out><![CDATA[
unique-id: [engine:junit-jupiter]/[class:it.uniba.controller.input.ParserInterpreterTest]/[method:toWhoInterfaceTest()]
display-name: toWhoInterfaceTest()
]]></system-out>
</testcase>
<testcase name="membersCalled()" classname="it.uniba.controller.input.ParserInterpreterTest" time="0.015">
<system-out><![CDATA[
unique-id: [engine:junit-jupiter]/[class:it.uniba.controller.input.ParserInterpreterTest]/[method:membersCalled()]
display-name: membersCalled()
]]></system-out>
</testcase>
<testcase name="badToWho()" classname="it.uniba.controller.input.ParserInterpreterTest" time="0.001">
<system-out><![CDATA[
unique-id: [engine:junit-jupiter]/[class:it.uniba.controller.input.ParserInterpreterTest]/[method:badToWho()]
display-name: badToWho()
]]></system-out>
</testcase>
<testcase name="successfulThrowOnEmptyMessage()" classname="it.uniba.model.MentionGraphTest" time="0">
<system-out><![CDATA[
unique-id: [engine:junit-jupiter]/[class:it.uniba.model.MentionGraphTest]/[method:successfulThrowOnEmptyMessage()]
display-name: successfulThrowOnEmptyMessage()
]]></system-out>
</testcase>
<testcase name="successfulThrowOnGenerate()" classname="it.uniba.model.MentionGraphTest" time="0.001">
<system-out><![CDATA[
unique-id: [engine:junit-jupiter]/[class:it.uniba.model.MentionGraphTest]/[method:successfulThrowOnGenerate()]
display-name: successfulThrowOnGenerate()
]]></system-out>
</testcase>
<testcase name="successfulMentionGraph()" classname="it.uniba.model.MentionGraphTest" time="0">
<system-out><![CDATA[
unique-id: [engine:junit-jupiter]/[class:it.uniba.model.MentionGraphTest]/[method:successfulMentionGraph()]
display-name: successfulMentionGraph()
]]></system-out>
</testcase>
<testcase name="successfulThrowOnGenerateUsersNull()" classname="it.uniba.model.MentionGraphTest" time="0">
<system-out><![CDATA[
unique-id: [engine:junit-jupiter]/[class:it.uniba.model.MentionGraphTest]/[method:successfulThrowOnGenerateUsersNull()]
display-name: successfulThrowOnGenerateUsersNull()
]]></system-out>
</testcase>
<testcase name="successfullIsEmptyTest()" classname="it.uniba.model.MentionGraphTest" time="0.002">
<system-out><![CDATA[
unique-id: [engine:junit-jupiter]/[class:it.uniba.model.MentionGraphTest]/[method:successfullIsEmptyTest()]
display-name: successfullIsEmptyTest()
]]></system-out>
</testcase>
<testcase name="edgesOutDegreeTest()" classname="it.uniba.model.MentionGraphTest" time="0">
<system-out><![CDATA[
unique-id: [engine:junit-jupiter]/[class:it.uniba.model.MentionGraphTest]/[method:edgesOutDegreeTest()]
display-name: edgesOutDegreeTest()
]]></system-out>
</testcase>
<testcase name="successfulThrowOnGenerateMessagesNull()" classname="it.uniba.model.MentionGraphTest" time="0">
<system-out><![CDATA[
unique-id: [engine:junit-jupiter]/[class:it.uniba.model.MentionGraphTest]/[method:successfulThrowOnGenerateMessagesNull()]
display-name: successfulThrowOnGenerateMessagesNull()
]]></system-out>
</testcase>
<testcase name="successfulContainsNodeTest()" classname="it.uniba.model.MentionGraphTest" time="0">
<system-out><![CDATA[
unique-id: [engine:junit-jupiter]/[class:it.uniba.model.MentionGraphTest]/[method:successfulContainsNodeTest()]
display-name: successfulContainsNodeTest()
]]></system-out>
</testcase>
<testcase name="edgesInDegreeTest()" classname="it.uniba.model.MentionGraphTest" time="0">
<system-out><![CDATA[
unique-id: [engine:junit-jupiter]/[class:it.uniba.model.MentionGraphTest]/[method:edgesInDegreeTest()]
display-name: edgesInDegreeTest()
]]></system-out>
</testcase>
<testcase name="successfulThrowOnEmptyUser()" classname="it.uniba.model.MentionGraphTest" time="0">
<system-out><![CDATA[
unique-id: [engine:junit-jupiter]/[class:it.uniba.model.MentionGraphTest]/[method:successfulThrowOnEmptyUser()]
display-name: successfulThrowOnEmptyUser()
]]></system-out>
</testcase>
<testcase name="failedContainsNodeTest()" classname="it.uniba.model.MentionGraphTest" time="0.001">
<system-out><![CDATA[
unique-id: [engine:junit-jupiter]/[class:it.uniba.model.MentionGraphTest]/[method:failedContainsNodeTest()]
display-name: failedContainsNodeTest()
]]></system-out>
</testcase>
<testcase name="failedIsEmptyTest()" classname="it.uniba.model.MentionGraphTest" time="0.001">
<system-out><![CDATA[
unique-id: [engine:junit-jupiter]/[class:it.uniba.model.MentionGraphTest]/[method:failedIsEmptyTest()]
display-name: failedIsEmptyTest()
]]></system-out>
</testcase>
<testcase name="successfulThrowOnEmptyGraph()" classname="it.uniba.model.MentionGraphTest" time="0">
<system-out><![CDATA[
unique-id: [engine:junit-jupiter]/[class:it.uniba.model.MentionGraphTest]/[method:successfulThrowOnEmptyGraph()]
display-name: successfulThrowOnEmptyGraph()
]]></system-out>
</testcase>
<testcase name="failedThrowGenerateOnFilledModel()" classname="it.uniba.model.MentionGraphTest" time="0.008">
<system-out><![CDATA[
unique-id: [engine:junit-jupiter]/[class:it.uniba.model.MentionGraphTest]/[method:failedThrowGenerateOnFilledModel()]
display-name: failedThrowGenerateOnFilledModel()
]]></system-out>
</testcase>
<system-out><![CDATA[
unique-id: [engine:junit-jupiter]
display-name: JUnit Jupiter
]]></system-out>
</testsuite>
