<?xml version="1.0" encoding="UTF-8"?>
<testsuite name="JUnit Jupiter" tests="30" skipped="0" failures="0" errors="0" time="1.822" hostname="GiovanDonato" timestamp="2018-05-31T09:40:23">
<properties>
[...]
</properties>
<testcase name="failedfulIsEmptyTest()" classname="it.uniba.model.MentionGraphTest" time="0.017">
<system-out><![CDATA[
unique-id: [engine:junit-jupiter]/[class:it.uniba.model.MentionGraphTest]/[method:failedfulIsEmptyTest()]
display-name: failedfulIsEmptyTest()
]]></system-out>
</testcase>
<testcase name="successfulThrowOnGenerate()" classname="it.uniba.model.MentionGraphTest" time="0.005">
<system-out><![CDATA[
unique-id: [engine:junit-jupiter]/[class:it.uniba.model.MentionGraphTest]/[method:successfulThrowOnGenerate()]
display-name: successfulThrowOnGenerate()
]]></system-out>
</testcase>
<testcase name="successfulMentionGraph()" classname="it.uniba.model.MentionGraphTest" time="0.002">
<system-out><![CDATA[
unique-id: [engine:junit-jupiter]/[class:it.uniba.model.MentionGraphTest]/[method:successfulMentionGraph()]
display-name: successfulMentionGraph()
]]></system-out>
</testcase>
<testcase name="successfullIsEmptyTest()" classname="it.uniba.model.MentionGraphTest" time="0.003">
<system-out><![CDATA[
unique-id: [engine:junit-jupiter]/[class:it.uniba.model.MentionGraphTest]/[method:successfullIsEmptyTest()]
display-name: successfullIsEmptyTest()
]]></system-out>
</testcase>
<testcase name="edgesOutDegreeTest()" classname="it.uniba.model.MentionGraphTest" time="0.004">
<system-out><![CDATA[
unique-id: [engine:junit-jupiter]/[class:it.uniba.model.MentionGraphTest]/[method:edgesOutDegreeTest()]
display-name: edgesOutDegreeTest()
]]></system-out>
</testcase>
<testcase name="successfulContainsNodeTest()" classname="it.uniba.model.MentionGraphTest" time="0">
<system-out><![CDATA[
unique-id: [engine:junit-jupiter]/[class:it.uniba.model.MentionGraphTest]/[method:successfulContainsNodeTest()]
display-name: successfulContainsNodeTest()
]]></system-out>
</testcase>
<testcase name="edgesInDegreeTest()" classname="it.uniba.model.MentionGraphTest" time="0.003">
<system-out><![CDATA[
unique-id: [engine:junit-jupiter]/[class:it.uniba.model.MentionGraphTest]/[method:edgesInDegreeTest()]
display-name: edgesInDegreeTest()
]]></system-out>
</testcase>
<testcase name="failedMentionGraph()" classname="it.uniba.model.MentionGraphTest" time="0.001">
<system-out><![CDATA[
unique-id: [engine:junit-jupiter]/[class:it.uniba.model.MentionGraphTest]/[method:failedMentionGraph()]
display-name: failedMentionGraph()
]]></system-out>
</testcase>
<testcase name="failedContainsNodeTest()" classname="it.uniba.model.MentionGraphTest" time="0.001">
<system-out><![CDATA[
unique-id: [engine:junit-jupiter]/[class:it.uniba.model.MentionGraphTest]/[method:failedContainsNodeTest()]
display-name: failedContainsNodeTest()
]]></system-out>
</testcase>
<testcase name="successModelGetter()" classname="it.uniba.model.MentionGraphTest" time="0.001">
<system-out><![CDATA[
unique-id: [engine:junit-jupiter]/[class:it.uniba.model.MentionGraphTest]/[method:successModelGetter()]
display-name: successModelGetter()
]]></system-out>
</testcase>
<testcase name="failedThrowGenerateOnFilledModel()" classname="it.uniba.model.MentionGraphTest" time="0.058">
<system-out><![CDATA[
unique-id: [engine:junit-jupiter]/[class:it.uniba.model.MentionGraphTest]/[method:failedThrowGenerateOnFilledModel()]
display-name: failedThrowGenerateOnFilledModel()
]]></system-out>
</testcase>
<testcase name="successfulExHandler()" classname="it.uniba.controller.ExceptionsHandlerTest" time="0">
<system-out><![CDATA[
unique-id: [engine:junit-jupiter]/[class:it.uniba.controller.ExceptionsHandlerTest]/[method:successfulExHandler()]
display-name: successfulExHandler()
]]></system-out>
</testcase>
<testcase name="badFromWho()" classname="it.uniba.controller.input.ParserInterpreterTest" time="0.117">
<system-out><![CDATA[
unique-id: [engine:junit-jupiter]/[class:it.uniba.controller.input.ParserInterpreterTest]/[method:badFromWho()]
display-name: badFromWho()
]]></system-out>
</testcase>
<testcase name="toInMentionCalled()" classname="it.uniba.controller.input.ParserInterpreterTest" time="0.174">
<system-out><![CDATA[
unique-id: [engine:junit-jupiter]/[class:it.uniba.controller.input.ParserInterpreterTest]/[method:toInMentionCalled()]
display-name: toInMentionCalled()
]]></system-out>
</testcase>
<testcase name="mentionToCalled()" classname="it.uniba.controller.input.ParserInterpreterTest" time="0.128">
<system-out><![CDATA[
unique-id: [engine:junit-jupiter]/[class:it.uniba.controller.input.ParserInterpreterTest]/[method:mentionToCalled()]
display-name: mentionToCalled()
]]></system-out>
</testcase>
<testcase name="BaseMentionWeightCalled()" classname="it.uniba.controller.input.ParserInterpreterTest" time="0.147">
<system-out><![CDATA[
unique-id: [engine:junit-jupiter]/[class:it.uniba.controller.input.ParserInterpreterTest]/[method:BaseMentionWeightCalled()]
display-name: BaseMentionWeightCalled()
]]></system-out>
</testcase>
<testcase name="toWhoOutOfBound()" classname="it.uniba.controller.input.ParserInterpreterTest" time="0.004">
<system-out><![CDATA[
unique-id: [engine:junit-jupiter]/[class:it.uniba.controller.input.ParserInterpreterTest]/[method:toWhoOutOfBound()]
display-name: toWhoOutOfBound()
]]></system-out>
</testcase>
<testcase name="channelsCalled()" classname="it.uniba.controller.input.ParserInterpreterTest" time="0.061">
<system-out><![CDATA[
unique-id: [engine:junit-jupiter]/[class:it.uniba.controller.input.ParserInterpreterTest]/[method:channelsCalled()]
display-name: channelsCalled()
]]></system-out>
</testcase>
<testcase name="fromInMentionCalled()" classname="it.uniba.controller.input.ParserInterpreterTest" time="0.098">
<system-out><![CDATA[
unique-id: [engine:junit-jupiter]/[class:it.uniba.controller.input.ParserInterpreterTest]/[method:fromInMentionCalled()]
display-name: fromInMentionCalled()
]]></system-out>
</testcase>
<testcase name="fromWhoOutOfBound()" classname="it.uniba.controller.input.ParserInterpreterTest" time="0.004">
<system-out><![CDATA[
unique-id: [engine:junit-jupiter]/[class:it.uniba.controller.input.ParserInterpreterTest]/[method:fromWhoOutOfBound()]
display-name: fromWhoOutOfBound()
]]></system-out>
</testcase>
<testcase name="badParameters()" classname="it.uniba.controller.input.ParserInterpreterTest" time="0.004">
<system-out><![CDATA[
unique-id: [engine:junit-jupiter]/[class:it.uniba.controller.input.ParserInterpreterTest]/[method:badParameters()]
display-name: badParameters()
]]></system-out>
</testcase>
<testcase name="baseInMentionWeightCalled()" classname="it.uniba.controller.input.ParserInterpreterTest" time="0.071">
<system-out><![CDATA[
unique-id: [engine:junit-jupiter]/[class:it.uniba.controller.input.ParserInterpreterTest]/[method:baseInMentionWeightCalled()]
display-name: baseInMentionWeightCalled()
]]></system-out>
</testcase>
<testcase name="badIn()" classname="it.uniba.controller.input.ParserInterpreterTest" time="0.002">
<system-out><![CDATA[
unique-id: [engine:junit-jupiter]/[class:it.uniba.controller.input.ParserInterpreterTest]/[method:badIn()]
display-name: badIn()
]]></system-out>
</testcase>
<testcase name="invalidWorkspace()" classname="it.uniba.controller.input.ParserInterpreterTest" time="0.004">
<system-out><![CDATA[
unique-id: [engine:junit-jupiter]/[class:it.uniba.controller.input.ParserInterpreterTest]/[method:invalidWorkspace()]
display-name: invalidWorkspace()
]]></system-out>
</testcase>
<testcase name="usersInChannelCalled()" classname="it.uniba.controller.input.ParserInterpreterTest" time="0.065">
<system-out><![CDATA[
unique-id: [engine:junit-jupiter]/[class:it.uniba.controller.input.ParserInterpreterTest]/[method:usersInChannelCalled()]
display-name: usersInChannelCalled()
]]></system-out>
</testcase>
<testcase name="extendedChannelCalled()" classname="it.uniba.controller.input.ParserInterpreterTest" time="0.048">
<system-out><![CDATA[
unique-id: [engine:junit-jupiter]/[class:it.uniba.controller.input.ParserInterpreterTest]/[method:extendedChannelCalled()]
display-name: extendedChannelCalled()
]]></system-out>
</testcase>
<testcase name="helpCalled()" classname="it.uniba.controller.input.ParserInterpreterTest" time="0.002">
<system-out><![CDATA[
unique-id: [engine:junit-jupiter]/[class:it.uniba.controller.input.ParserInterpreterTest]/[method:helpCalled()]
display-name: helpCalled()
]]></system-out>
</testcase>
<testcase name="inOutOfBound()" classname="it.uniba.controller.input.ParserInterpreterTest" time="0.005">
<system-out><![CDATA[
unique-id: [engine:junit-jupiter]/[class:it.uniba.controller.input.ParserInterpreterTest]/[method:inOutOfBound()]
display-name: inOutOfBound()
]]></system-out>
</testcase>
<testcase name="membersCalled()" classname="it.uniba.controller.input.ParserInterpreterTest" time="0.064">
<system-out><![CDATA[
unique-id: [engine:junit-jupiter]/[class:it.uniba.controller.input.ParserInterpreterTest]/[method:membersCalled()]
display-name: membersCalled()
]]></system-out>
</testcase>
<testcase name="badToWho()" classname="it.uniba.controller.input.ParserInterpreterTest" time="0.003">
<system-out><![CDATA[
unique-id: [engine:junit-jupiter]/[class:it.uniba.controller.input.ParserInterpreterTest]/[method:badToWho()]
display-name: badToWho()
]]></system-out>
</testcase>
<system-out><![CDATA[
unique-id: [engine:junit-jupiter]
display-name: JUnit Jupiter
]]></system-out>
</testsuite>
